2026-02-28T18:34:10.672Z: 210  [WARN] Unknown tokenizer class "CodeSageTokenizer", attempting to construct from base class.
2026-02-28T18:34:10.790Z: 210  [INFO] Using number of intra-op threads: 1
2026-02-28T18:34:11.521Z: 210  [INFO] Embedding provider initialized.
2026-02-28T18:34:11.572Z: 210  [INFO] start building tree index for /home/sagemaker-user
2026-03-01T01:16:07.238Z: 210  [INFO] Found 2 symbols in this workspace among folders: /home/sagemaker-user
2026-03-01T03:44:16.971Z: 3305  [WARN] Unknown tokenizer class "CodeSageTokenizer", attempting to construct from base class.
2026-03-01T03:44:17.173Z: 3305  [INFO] Using number of intra-op threads: 1
2026-03-01T03:44:18.056Z: 3305  [INFO] Embedding provider initialized.
2026-03-01T03:44:18.261Z: 3305  [WARN] Unknown tokenizer class "CodeSageTokenizer", attempting to construct from base class.
2026-03-01T03:44:18.466Z: 3305  [INFO] Using number of intra-op threads: 1
2026-03-01T03:44:18.964Z: 3305  [INFO] Embedding provider initialized.
2026-03-01T03:44:19.068Z: 3305  [INFO] start building tree index for /home/sagemaker-user
2026-03-01T03:44:21.992Z: 3305  [INFO] Finished parsing 2 python files. Time 2921.95ms
2026-03-01T03:46:44.484Z: 3305  [INFO] Found 2 symbols in this workspace among folders: /home/sagemaker-user
2026-03-01T04:14:20.883Z: 3305  [INFO] Finished parsing 2 python files. Time 1485.34ms
2026-03-01T04:14:22.364Z: 3305  [INFO] Finished parsing 2 python files. Time 1462.04ms
2026-03-01T04:44:21.009Z: 3305  [INFO] Finished parsing 2 python files. Time 1494.15ms
2026-03-01T04:44:22.491Z: 3305  [INFO] Finished parsing 2 python files. Time 1464.14ms
2026-03-01T13:38:51.933Z: 210  [INFO] Found 2 symbols in this workspace among folders: /home/sagemaker-user
2026-03-01T19:00:53.079Z: 211  [INFO] Found 46 symbols in this workspace among folders: /home/sagemaker-user
2026-03-01T21:51:41.315Z: 211  [INFO] Found 47 symbols in this workspace among folders: /home/sagemaker-user
2026-03-01T23:37:32.150Z: 210  [INFO] Found 60 symbols in this workspace among folders: /home/sagemaker-user
